2024-05-14 22:02:33 INFO  [main] p.k.finaltest.FinalTestApplication - Starting FinalTestApplication using Java 17 with PID 19356 (C:\Users\user\IdeaProjects\final-test\target\classes started by user in C:\Users\user\IdeaProjects\final-test)
2024-05-14 22:02:33 DEBUG [main] p.k.finaltest.FinalTestApplication - Running with Spring Boot v3.1.10, Spring v6.0.18
2024-05-14 22:02:33 INFO  [main] p.k.finaltest.FinalTestApplication - No active profile set, falling back to 1 default profile: "default"
2024-05-14 22:02:33 INFO  [main] o.s.d.r.c.RepositoryConfigurationDelegate - Multiple Spring Data modules found, entering strict repository configuration mode
2024-05-14 22:02:33 INFO  [main] o.s.d.r.c.RepositoryConfigurationDelegate - Bootstrapping Spring Data JPA repositories in DEFAULT mode.
2024-05-14 22:02:33 INFO  [main] o.s.d.r.c.RepositoryConfigurationDelegate - Finished Spring Data repository scanning in 48 ms. Found 5 JPA repository interfaces.
2024-05-14 22:02:33 INFO  [main] o.s.d.r.c.RepositoryConfigurationDelegate - Multiple Spring Data modules found, entering strict repository configuration mode
2024-05-14 22:02:33 INFO  [main] o.s.d.r.c.RepositoryConfigurationDelegate - Bootstrapping Spring Data Redis repositories in DEFAULT mode.
2024-05-14 22:02:33 INFO  [main] o.s.d.r.c.RepositoryConfigurationExtensionSupport - Spring Data Redis - Could not safely identify store assignment for repository candidate interface pl.kurs.finaltest.database.repositories.ImportSessionRepository; If you want this repository to be a Redis repository, consider annotating your entities with one of these annotations: org.springframework.data.redis.core.RedisHash (preferred), or consider extending one of the following types with your repository: org.springframework.data.keyvalue.repository.KeyValueRepository
2024-05-14 22:02:33 INFO  [main] o.s.d.r.c.RepositoryConfigurationExtensionSupport - Spring Data Redis - Could not safely identify store assignment for repository candidate interface pl.kurs.finaltest.database.repositories.LockManagerRepository; If you want this repository to be a Redis repository, consider annotating your entities with one of these annotations: org.springframework.data.redis.core.RedisHash (preferred), or consider extending one of the following types with your repository: org.springframework.data.keyvalue.repository.KeyValueRepository
2024-05-14 22:02:33 INFO  [main] o.s.d.r.c.RepositoryConfigurationExtensionSupport - Spring Data Redis - Could not safely identify store assignment for repository candidate interface pl.kurs.finaltest.database.repositories.PersonRepository; If you want this repository to be a Redis repository, consider annotating your entities with one of these annotations: org.springframework.data.redis.core.RedisHash (preferred), or consider extending one of the following types with your repository: org.springframework.data.keyvalue.repository.KeyValueRepository
2024-05-14 22:02:33 INFO  [main] o.s.d.r.c.RepositoryConfigurationExtensionSupport - Spring Data Redis - Could not safely identify store assignment for repository candidate interface pl.kurs.finaltest.database.repositories.PositionRepository; If you want this repository to be a Redis repository, consider annotating your entities with one of these annotations: org.springframework.data.redis.core.RedisHash (preferred), or consider extending one of the following types with your repository: org.springframework.data.keyvalue.repository.KeyValueRepository
2024-05-14 22:02:33 INFO  [main] o.s.d.r.c.RepositoryConfigurationExtensionSupport - Spring Data Redis - Could not safely identify store assignment for repository candidate interface pl.kurs.finaltest.security.UserRepository; If you want this repository to be a Redis repository, consider annotating your entities with one of these annotations: org.springframework.data.redis.core.RedisHash (preferred), or consider extending one of the following types with your repository: org.springframework.data.keyvalue.repository.KeyValueRepository
2024-05-14 22:02:33 INFO  [main] o.s.d.r.c.RepositoryConfigurationDelegate - Finished Spring Data repository scanning in 5 ms. Found 0 Redis repository interfaces.
2024-05-14 22:02:33 INFO  [main] o.s.b.w.e.tomcat.TomcatWebServer - Tomcat initialized with port(s): 8080 (http)
2024-05-14 22:02:33 INFO  [main] o.a.catalina.core.StandardService - Starting service [Tomcat]
2024-05-14 22:02:33 INFO  [main] o.a.catalina.core.StandardEngine - Starting Servlet engine: [Apache Tomcat/10.1.19]
2024-05-14 22:02:34 INFO  [main] o.a.c.c.C.[Tomcat].[localhost].[/] - Initializing Spring embedded WebApplicationContext
2024-05-14 22:02:34 INFO  [main] o.s.b.w.s.c.ServletWebServerApplicationContext - Root WebApplicationContext: initialization completed in 820 ms
2024-05-14 22:02:34 INFO  [main] o.h.jpa.internal.util.LogHelper - HHH000204: Processing PersistenceUnitInfo [name: default]
2024-05-14 22:02:34 INFO  [main] org.hibernate.Version - HHH000412: Hibernate ORM core version 6.2.22.Final
2024-05-14 22:02:34 INFO  [main] org.hibernate.cfg.Environment - HHH000406: Using bytecode reflection optimizer
2024-05-14 22:02:34 INFO  [main] o.s.o.j.p.SpringPersistenceUnitInfo - No LoadTimeWeaver setup: ignoring JPA class transformer
2024-05-14 22:02:34 INFO  [main] com.zaxxer.hikari.HikariDataSource - HikariPool-1 - Starting...
2024-05-14 22:02:34 INFO  [main] com.zaxxer.hikari.pool.HikariPool - HikariPool-1 - Added connection com.mysql.cj.jdbc.ConnectionImpl@7bc2ae16
2024-05-14 22:02:34 INFO  [main] com.zaxxer.hikari.HikariDataSource - HikariPool-1 - Start completed.
2024-05-14 22:02:34 INFO  [main] o.h.e.t.j.p.i.JtaPlatformInitiator - HHH000489: No JTA platform available (set 'hibernate.transaction.jta.platform' to enable JTA platform integration)
2024-05-14 22:02:34 INFO  [main] o.s.o.j.LocalContainerEntityManagerFactoryBean - Initialized JPA EntityManagerFactory for persistence unit 'default'
2024-05-14 22:02:35 INFO  [main] o.s.d.j.r.query.QueryEnhancerFactory - Hibernate is in classpath; If applicable, HQL parser will be used.
2024-05-14 22:02:35 WARN  [main] o.s.b.w.s.c.AnnotationConfigServletWebServerApplicationContext - Exception encountered during context initialization - cancelling refresh attempt: org.springframework.beans.factory.UnsatisfiedDependencyException: Error creating bean with name 'fileImporterController' defined in file [C:\Users\user\IdeaProjects\final-test\target\classes\pl\kurs\finaltest\controllers\FileImporterController.class]: Unsatisfied dependency expressed through constructor parameter 0: Error creating bean with name 'fileImportService' defined in file [C:\Users\user\IdeaProjects\final-test\target\classes\pl\kurs\finaltest\services\impl\FileImportService.class]: Unsatisfied dependency expressed through constructor parameter 3: No qualifying bean of type 'java.util.logging.Logger' available: expected at least 1 bean which qualifies as autowire candidate. Dependency annotations: {}
2024-05-14 22:02:35 INFO  [main] o.s.o.j.LocalContainerEntityManagerFactoryBean - Closing JPA EntityManagerFactory for persistence unit 'default'
2024-05-14 22:02:35 INFO  [main] com.zaxxer.hikari.HikariDataSource - HikariPool-1 - Shutdown initiated...
2024-05-14 22:02:35 INFO  [main] com.zaxxer.hikari.HikariDataSource - HikariPool-1 - Shutdown completed.
2024-05-14 22:02:35 INFO  [main] o.a.catalina.core.StandardService - Stopping service [Tomcat]
2024-05-14 22:02:35 INFO  [main] o.s.b.a.l.ConditionEvaluationReportLogger - 

Error starting ApplicationContext. To display the condition evaluation report re-run your application with 'debug' enabled.
2024-05-14 22:02:35 ERROR [main] o.s.b.d.LoggingFailureAnalysisReporter - 

***************************
APPLICATION FAILED TO START
***************************

Description:

Parameter 3 of constructor in pl.kurs.finaltest.services.impl.FileImportService required a bean of type 'java.util.logging.Logger' that could not be found.


Action:

Consider defining a bean of type 'java.util.logging.Logger' in your configuration.

